\BOOKMARK [1][-]{section.1}{Introduction}{}% 1
\BOOKMARK [2][-]{subsection.1.1}{Purpose}{section.1}% 2
\BOOKMARK [2][-]{subsection.1.2}{Scope}{section.1}% 3
\BOOKMARK [2][-]{subsection.1.3}{Definitions, Acronyms, and Abbreviations}{section.1}% 4
\BOOKMARK [2][-]{subsection.1.4}{References}{section.1}% 5
\BOOKMARK [2][-]{subsection.1.5}{Overview}{section.1}% 6
\BOOKMARK [1][-]{section.2}{General Description}{}% 7
\BOOKMARK [2][-]{subsection.2.1}{Product Perspective}{section.2}% 8
\BOOKMARK [2][-]{subsection.2.2}{Product Functions}{section.2}% 9
\BOOKMARK [2][-]{subsection.2.3}{User Characteristics}{section.2}% 10
\BOOKMARK [2][-]{subsection.2.4}{General Constraints}{section.2}% 11
\BOOKMARK [2][-]{subsection.2.5}{Assumptions and Dependencies}{section.2}% 12
\BOOKMARK [1][-]{section.3}{Specific Requirements}{}% 13
\BOOKMARK [2][-]{subsection.3.1}{External Interface Requirements}{section.3}% 14
\BOOKMARK [3][-]{subsubsection.3.1.1}{User Intrafaces}{subsection.3.1}% 15
\BOOKMARK [3][-]{subsubsection.3.1.2}{Hardware Interfaces}{subsection.3.1}% 16
\BOOKMARK [3][-]{subsubsection.3.1.3}{Software Interfaces}{subsection.3.1}% 17
\BOOKMARK [3][-]{subsubsection.3.1.4}{Communications Interfaces}{subsection.3.1}% 18
\BOOKMARK [2][-]{subsection.3.2}{Functional Requirements}{section.3}% 19
\BOOKMARK [3][-]{subsubsection.3.2.1}{2D Fluid Simulation}{subsection.3.2}% 20
\BOOKMARK [3][-]{subsubsection.3.2.2}{Physical Parameters}{subsection.3.2}% 21
\BOOKMARK [3][-]{subsubsection.3.2.3}{Fluid Selections}{subsection.3.2}% 22
\BOOKMARK [3][-]{subsubsection.3.2.4}{Spatial Configuration}{subsection.3.2}% 23
\BOOKMARK [3][-]{subsubsection.3.2.5}{On Demand Feedback}{subsection.3.2}% 24
\BOOKMARK [3][-]{subsubsection.3.2.6}{Monitoring Points}{subsection.3.2}% 25
\BOOKMARK [3][-]{subsubsection.3.2.7}{Clear Start and End of Simulation}{subsection.3.2}% 26
\BOOKMARK [3][-]{subsubsection.3.2.8}{Textual Logging}{subsection.3.2}% 27
\BOOKMARK [3][-]{subsubsection.3.2.9}{Instant Replay}{subsection.3.2}% 28
\BOOKMARK [2][-]{subsection.3.3}{Use Cases}{section.3}% 29
\BOOKMARK [3][-]{subsubsection.3.3.1}{Filling a Chamber}{subsection.3.3}% 30
\BOOKMARK [3][-]{subsubsection.3.3.2}{Perturbing a Chamber}{subsection.3.3}% 31
\BOOKMARK [3][-]{subsubsection.3.3.3}{Draining a Chamber}{subsection.3.3}% 32
\BOOKMARK [2][-]{subsection.3.4}{Classes/Objects}{section.3}% 33
\BOOKMARK [2][-]{subsection.3.5}{Non-Functional Requirements}{section.3}% 34
\BOOKMARK [3][-]{subsubsection.3.5.1}{Performance}{subsection.3.5}% 35
\BOOKMARK [3][-]{subsubsection.3.5.2}{Reliability}{subsection.3.5}% 36
\BOOKMARK [3][-]{subsubsection.3.5.3}{Availability}{subsection.3.5}% 37
\BOOKMARK [3][-]{subsubsection.3.5.4}{Security}{subsection.3.5}% 38
\BOOKMARK [3][-]{subsubsection.3.5.5}{Maintainability}{subsection.3.5}% 39
\BOOKMARK [3][-]{subsubsection.3.5.6}{Portability}{subsection.3.5}% 40
\BOOKMARK [2][-]{subsection.3.6}{Inverse Requirements}{section.3}% 41
\BOOKMARK [2][-]{subsection.3.7}{Design Constraints}{section.3}% 42
\BOOKMARK [2][-]{subsection.3.8}{Logical Database Requirements}{section.3}% 43
\BOOKMARK [2][-]{subsection.3.9}{Other Requirements}{section.3}% 44
\BOOKMARK [1][-]{section.4}{Analysis Methods}{}% 45
\BOOKMARK [2][-]{subsection.4.1}{Sequence Diagrams}{section.4}% 46
\BOOKMARK [2][-]{subsection.4.2}{Data Flow Diagrams \(DFD\)}{section.4}% 47
\BOOKMARK [2][-]{subsection.4.3}{State-Transition Diagrams \(STD\)}{section.4}% 48
\BOOKMARK [1][-]{section.5}{Change Management Process}{}% 49
\BOOKMARK [1][-]{section.6}{Appendices}{}% 50
